#
# There is insufficient memory for the Java Runtime Environment to continue.
# Native memory allocation (mmap) failed to map 88080384 bytes for committing reserved memory.
# Possible reasons:
#   The system is out of physical RAM or swap space
#   In 32 bit mode, the process size limit was hit
# Possible solutions:
#   Reduce memory load on the system
#   Increase physical memory or swap space
#   Check if swap backing store is full
#   Use 64 bit Java on a 64 bit OS
#   Decrease Java heap size (-Xmx/-Xms)
#   Decrease number of Java threads
#   Decrease Java thread stack sizes (-Xss)
#   Set larger code cache with -XX:ReservedCodeCacheSize=
# This output file may be truncated or incomplete.
#
#  Out of Memory Error (os_linux.cpp:2627), pid=6446, tid=139760144533248
#
# JRE version:  (8.0_60-b24) (build )
# Java VM: OpenJDK 64-Bit Server VM (25.60-b23 mixed mode linux-amd64 compressed oops)
# Failed to write core dump. Core dumps have been disabled. To enable core dumping, try "ulimit -c unlimited" before starting Java again
#

---------------  T H R E A D  ---------------

Current thread (0x00007f1c68009000):  JavaThread "Unknown thread" [_thread_in_vm, id=6452, stack(0x00007f1c71b4c000,0x00007f1c71c4d000)]

Stack: [0x00007f1c71b4c000,0x00007f1c71c4d000],  sp=0x00007f1c71c4b650,  free space=1021k
Native frames: (J=compiled Java code, j=interpreted, Vv=VM code, C=native code)
V  [libjvm.so+0xa57658]
V  [libjvm.so+0x4c252c]
V  [libjvm.so+0x8a8d80]
V  [libjvm.so+0x8a32ae]
V  [libjvm.so+0x91c98b]
V  [libjvm.so+0x90d6a3]
V  [libjvm.so+0x2ae7d1]
V  [libjvm.so+0x8cdd39]
V  [libjvm.so+0xa1ac69]
V  [libjvm.so+0xa1afd2]
V  [libjvm.so+0x60be3f]
V  [libjvm.so+0xa0073a]
V  [libjvm.so+0x680b2f]  JNI_CreateJavaVM+0x5f
C  [libjli.so+0x2d5f]
C  [libpthread.so.0+0x74a4]  start_thread+0xc4


---------------  P R O C E S S  ---------------

Java Threads: ( => current thread )

Other Threads:

=>0x00007f1c68009000 (exited) JavaThread "Unknown thread" [_thread_in_vm, id=6452, stack(0x00007f1c71b4c000,0x00007f1c71c4d000)]

VM state:not at safepoint (not fully initialized)

VM Mutex/Monitor currently owned by a thread: None

GC Heap History (0 events):
No events

Deoptimization events (0 events):
No events

Internal exceptions (0 events):
No events

Events (0 events):
No events


Dynamic libraries:
00400000-00401000 r-xp 00000000 08:04 6692638                            /usr/lib/jvm/java-8-openjdk/jre/bin/java
00600000-00601000 rw-p 00000000 08:04 6692638                            /usr/lib/jvm/java-8-openjdk/jre/bin/java
011d1000-011f2000 rw-p 00000000 00:00 0                                  [heap]
c5400000-eab00000 ---p 00000000 00:00 0 
eab00000-ed500000 rw-p 00000000 00:00 0 
ed500000-100000000 ---p 00000000 00:00 0 
7f1c59000000-7f1c59270000 rwxp 00000000 00:00 0 
7f1c59270000-7f1c68000000 ---p 00000000 00:00 0 
7f1c68000000-7f1c68030000 rw-p 00000000 00:00 0 
7f1c68030000-7f1c6c000000 ---p 00000000 00:00 0 
7f1c6ec23000-7f1c6ed78000 ---p 00000000 00:00 0 
7f1c6ed78000-7f1c6ed8e000 rw-p 00000000 00:00 0 
7f1c6ed8e000-7f1c6ee23000 ---p 00000000 00:00 0 
7f1c6ee23000-7f1c6ee2e000 rw-p 00000000 00:00 0 
7f1c6ee2e000-7f1c6f1e4000 ---p 00000000 00:00 0 
7f1c6f1e4000-7f1c6f1ec000 r-xp 00000000 08:04 6690572                    /usr/lib/jvm/java-8-openjdk/jre/lib/amd64/libzip.so
7f1c6f1ec000-7f1c6f3eb000 ---p 00008000 08:04 6690572                    /usr/lib/jvm/java-8-openjdk/jre/lib/amd64/libzip.so
7f1c6f3eb000-7f1c6f3ec000 rw-p 00007000 08:04 6690572                    /usr/lib/jvm/java-8-openjdk/jre/lib/amd64/libzip.so
7f1c6f3ec000-7f1c6f3f7000 r-xp 00000000 08:04 6425788                    /usr/lib/libnss_files-2.22.so
7f1c6f3f7000-7f1c6f5f6000 ---p 0000b000 08:04 6425788                    /usr/lib/libnss_files-2.22.so
7f1c6f5f6000-7f1c6f5f7000 r--p 0000a000 08:04 6425788                    /usr/lib/libnss_files-2.22.so
7f1c6f5f7000-7f1c6f5f8000 rw-p 0000b000 08:04 6425788                    /usr/lib/libnss_files-2.22.so
7f1c6f5f8000-7f1c6f5fe000 rw-p 00000000 00:00 0 
7f1c6f5fe000-7f1c6f62a000 r-xp 00000000 08:04 6690570                    /usr/lib/jvm/java-8-openjdk/jre/lib/amd64/libjava.so
7f1c6f62a000-7f1c6f82a000 ---p 0002c000 08:04 6690570                    /usr/lib/jvm/java-8-openjdk/jre/lib/amd64/libjava.so
7f1c6f82a000-7f1c6f82c000 rw-p 0002c000 08:04 6690570                    /usr/lib/jvm/java-8-openjdk/jre/lib/amd64/libjava.so
7f1c6f82c000-7f1c6f839000 r-xp 00000000 08:04 6690563                    /usr/lib/jvm/java-8-openjdk/jre/lib/amd64/libverify.so
7f1c6f839000-7f1c6fa38000 ---p 0000d000 08:04 6690563                    /usr/lib/jvm/java-8-openjdk/jre/lib/amd64/libverify.so
7f1c6fa38000-7f1c6fa3a000 rw-p 0000c000 08:04 6690563                    /usr/lib/jvm/java-8-openjdk/jre/lib/amd64/libverify.so
7f1c6fa3a000-7f1c6fa41000 r-xp 00000000 08:04 6425796                    /usr/lib/librt-2.22.so
7f1c6fa41000-7f1c6fc40000 ---p 00007000 08:04 6425796                    /usr/lib/librt-2.22.so
7f1c6fc40000-7f1c6fc41000 r--p 00006000 08:04 6425796                    /usr/lib/librt-2.22.so
7f1c6fc41000-7f1c6fc42000 rw-p 00007000 08:04 6425796                    /usr/lib/librt-2.22.so
7f1c6fc42000-7f1c6fd3f000 r-xp 00000000 08:04 6425793                    /usr/lib/libm-2.22.so
7f1c6fd3f000-7f1c6ff3e000 ---p 000fd000 08:04 6425793                    /usr/lib/libm-2.22.so
7f1c6ff3e000-7f1c6ff3f000 r--p 000fc000 08:04 6425793                    /usr/lib/libm-2.22.so
7f1c6ff3f000-7f1c6ff40000 rw-p 000fd000 08:04 6425793                    /usr/lib/libm-2.22.so
7f1c6ff40000-7f1c70b93000 r-xp 00000000 08:04 7089279                    /usr/lib/jvm/java-8-openjdk/jre/lib/amd64/server/libjvm.so
7f1c70b93000-7f1c70d92000 ---p 00c53000 08:04 7089279                    /usr/lib/jvm/java-8-openjdk/jre/lib/amd64/server/libjvm.so
7f1c70d92000-7f1c70e4e000 rw-p 00c52000 08:04 7089279                    /usr/lib/jvm/java-8-openjdk/jre/lib/amd64/server/libjvm.so
7f1c70e4e000-7f1c70e7c000 rw-p 00000000 00:00 0 
7f1c70e7c000-7f1c71017000 r-xp 00000000 08:04 6425730                    /usr/lib/libc-2.22.so
7f1c71017000-7f1c71216000 ---p 0019b000 08:04 6425730                    /usr/lib/libc-2.22.so
7f1c71216000-7f1c7121a000 r--p 0019a000 08:04 6425730                    /usr/lib/libc-2.22.so
7f1c7121a000-7f1c7121c000 rw-p 0019e000 08:04 6425730                    /usr/lib/libc-2.22.so
7f1c7121c000-7f1c71220000 rw-p 00000000 00:00 0 
7f1c71220000-7f1c71223000 r-xp 00000000 08:04 6425792                    /usr/lib/libdl-2.22.so
7f1c71223000-7f1c71422000 ---p 00003000 08:04 6425792                    /usr/lib/libdl-2.22.so
7f1c71422000-7f1c71423000 r--p 00002000 08:04 6425792                    /usr/lib/libdl-2.22.so
7f1c71423000-7f1c71424000 rw-p 00003000 08:04 6425792                    /usr/lib/libdl-2.22.so
7f1c71424000-7f1c71431000 r-xp 00000000 08:04 7088579                    /usr/lib/jvm/java-8-openjdk/jre/lib/amd64/jli/libjli.so
7f1c71431000-7f1c71630000 ---p 0000d000 08:04 7088579                    /usr/lib/jvm/java-8-openjdk/jre/lib/amd64/jli/libjli.so
7f1c71630000-7f1c71631000 rw-p 0000c000 08:04 7088579                    /usr/lib/jvm/java-8-openjdk/jre/lib/amd64/jli/libjli.so
7f1c71631000-7f1c71646000 r-xp 00000000 08:04 6428789                    /usr/lib/libz.so.1.2.8
7f1c71646000-7f1c71845000 ---p 00015000 08:04 6428789                    /usr/lib/libz.so.1.2.8
7f1c71845000-7f1c71846000 r--p 00014000 08:04 6428789                    /usr/lib/libz.so.1.2.8
7f1c71846000-7f1c71847000 rw-p 00015000 08:04 6428789                    /usr/lib/libz.so.1.2.8
7f1c71847000-7f1c7185f000 r-xp 00000000 08:04 6425704                    /usr/lib/libpthread-2.22.so
7f1c7185f000-7f1c71a5e000 ---p 00018000 08:04 6425704                    /usr/lib/libpthread-2.22.so
7f1c71a5e000-7f1c71a5f000 r--p 00017000 08:04 6425704                    /usr/lib/libpthread-2.22.so
7f1c71a5f000-7f1c71a60000 rw-p 00018000 08:04 6425704                    /usr/lib/libpthread-2.22.so
7f1c71a60000-7f1c71a64000 rw-p 00000000 00:00 0 
7f1c71a64000-7f1c71a86000 r-xp 00000000 08:04 6425728                    /usr/lib/ld-2.22.so
7f1c71b4c000-7f1c71b4f000 ---p 00000000 00:00 0 
7f1c71b4f000-7f1c71c51000 rw-p 00000000 00:00 0                          [stack:6452]
7f1c71c77000-7f1c71c7a000 rw-p 00000000 00:00 0 
7f1c71c7a000-7f1c71c82000 rw-s 00000000 00:21 166475                     /tmp/hsperfdata_andrei/6446
7f1c71c82000-7f1c71c83000 rw-p 00000000 00:00 0 
7f1c71c83000-7f1c71c84000 r--p 00000000 00:00 0 
7f1c71c84000-7f1c71c85000 rw-p 00000000 00:00 0 
7f1c71c85000-7f1c71c86000 r--p 00021000 08:04 6425728                    /usr/lib/ld-2.22.so
7f1c71c86000-7f1c71c87000 rw-p 00022000 08:04 6425728                    /usr/lib/ld-2.22.so
7f1c71c87000-7f1c71c88000 rw-p 00000000 00:00 0 
7ffef38ee000-7ffef390f000 rw-p 00000000 00:00 0                          [stack]
7ffef3967000-7ffef3969000 r--p 00000000 00:00 0                          [vvar]
7ffef3969000-7ffef396b000 r-xp 00000000 00:00 0                          [vdso]
ffffffffff600000-ffffffffff601000 r-xp 00000000 00:00 0                  [vsyscall]

VM Arguments:
jvm_args: -Xmx1024M -Dfile.encoding=US-ASCII -Duser.country=US -Duser.language=en -Duser.variant 
java_command: com.android.dx.command.Main --dex --num-threads=4 --output /home/andrei/Dev/SEGProjects/tucan/app/build/intermediates/dex/debug /home/andrei/Dev/SEGProjects/tucan/app/build/intermediates/classes/debug /home/andrei/Dev/SEGProjects/tucan/app/build/intermediates/pre-dexed/debug/support-annotations-23.0.1-42172e7011ccf9beeccc55c517d554652eeb3cc3.jar /home/andrei/Dev/SEGProjects/tucan/app/build/intermediates/pre-dexed/debug/internal_impl-23.0.1-376be47d6c5af2a042e0661170ffa9ac24db1a14.jar /home/andrei/Dev/SEGProjects/tucan/app/build/intermediates/pre-dexed/debug/classes-3929d8dbf668b729fcffd4cf5e1d634cb67de256.jar /home/andrei/Dev/SEGProjects/tucan/app/build/intermediates/pre-dexed/debug/classes-a35839345adbc69323f53742bcc81b0b3ddd42ee.jar
java_class_path (initial): /home/andrei/Android/Sdk/build-tools/23.0.1/lib/dx.jar
Launcher Type: SUN_STANDARD

Environment Variables:
PATH=/usr/local/sbin:/usr/local/bin:/usr/bin:/usr/lib/jvm/default/bin:/usr/bin/site_perl:/usr/bin/vendor_perl:/usr/bin/core_perl
LD_LIBRARY_PATH=Dev/android-studio/bin:
SHELL=/usr/bin/zsh
DISPLAY=:0

Signal Handlers:
SIGSEGV: [libjvm.so+0xa581a0], sa_mask[0]=11111111011111111101111111111110, sa_flags=SA_RESTART|SA_SIGINFO
SIGBUS: [libjvm.so+0xa581a0], sa_mask[0]=11111111011111111101111111111110, sa_flags=SA_RESTART|SA_SIGINFO
SIGFPE: [libjvm.so+0x8a4420], sa_mask[0]=11111111011111111101111111111110, sa_flags=SA_RESTART|SA_SIGINFO
SIGPIPE: [libjvm.so+0x8a4420], sa_mask[0]=11111111011111111101111111111110, sa_flags=SA_RESTART|SA_SIGINFO
SIGXFSZ: [libjvm.so+0x8a4420], sa_mask[0]=11111111011111111101111111111110, sa_flags=SA_RESTART|SA_SIGINFO
SIGILL: [libjvm.so+0x8a4420], sa_mask[0]=11111111011111111101111111111110, sa_flags=SA_RESTART|SA_SIGINFO
SIGUSR1: SIG_DFL, sa_mask[0]=00000000000000000000000000000000, sa_flags=none
SIGUSR2: [libjvm.so+0x8a42d0], sa_mask[0]=00100000000000000000000000000000, sa_flags=SA_RESTART|SA_SIGINFO
SIGHUP: SIG_DFL, sa_mask[0]=00000000000000000000000000000000, sa_flags=none
SIGINT: SIG_DFL, sa_mask[0]=00000000000000000000000000000000, sa_flags=none
SIGTERM: SIG_DFL, sa_mask[0]=00000000000000000000000000000000, sa_flags=none
SIGQUIT: SIG_DFL, sa_mask[0]=00000000000000000000000000000000, sa_flags=none


---------------  S Y S T E M  ---------------

OS:NAME="Arch Linux"
ID=arch
PRETTY_NAME="Arch Linux"
ANSI_COLOR="0;36"
HOME_URL="https://www.archlinux.org/"
SUPPORT_URL="https://bbs.archlinux.org/"
BUG_REPORT_URL="https://bugs.archlinux.org/"


uname:Linux 4.2.1-1-ARCH #1 SMP PREEMPT Tue Sep 22 06:57:07 CEST 2015 x86_64
libc:glibc 2.22 NPTL 2.22 
rlimit: STACK 8192k, CORE 0k, NPROC 31735, NOFILE 4096, AS infinity
load average:2.28 1.40 0.98

/proc/meminfo:
MemTotal:        8129788 kB
MemFree:           58328 kB
MemAvailable:     100648 kB
Buffers:            1396 kB
Cached:          1530324 kB
SwapCached:            0 kB
Active:          6447288 kB
Inactive:        1166396 kB
Active(anon):    6423924 kB
Inactive(anon):  1147148 kB
Active(file):      23364 kB
Inactive(file):    19248 kB
Unevictable:          16 kB
Mlocked:              16 kB
SwapTotal:             0 kB
SwapFree:              0 kB
Dirty:               424 kB
Writeback:             0 kB
AnonPages:       6082916 kB
Mapped:           430132 kB
Shmem:           1488180 kB
Slab:              91716 kB
SReclaimable:      42164 kB
SUnreclaim:        49552 kB
KernelStack:       11856 kB
PageTables:        48200 kB
NFS_Unstable:          0 kB
Bounce:                0 kB
WritebackTmp:          0 kB
CommitLimit:     4064892 kB
Committed_AS:   12878152 kB
VmallocTotal:   34359738367 kB
VmallocUsed:      381348 kB
VmallocChunk:   34358947836 kB
HardwareCorrupted:     0 kB
AnonHugePages:   2998272 kB
HugePages_Total:       0
HugePages_Free:        0
HugePages_Rsvd:        0
HugePages_Surp:        0
Hugepagesize:       2048 kB
DirectMap4k:     1817344 kB
DirectMap2M:     6520832 kB
DirectMap1G:           0 kB


CPU:total 8 (4 cores per cpu, 2 threads per core) family 6 model 60 stepping 3, cmov, cx8, fxsr, mmx, sse, sse2, sse3, ssse3, sse4.1, sse4.2, popcnt, avx, avx2, aes, clmul, erms, lzcnt, ht, tsc, tscinvbit, bmi1, bmi2

/proc/cpuinfo:
processor	: 0
vendor_id	: GenuineIntel
cpu family	: 6
model		: 60
model name	: Intel(R) Core(TM) i7-4700MQ CPU @ 2.40GHz
stepping	: 3
microcode	: 0x12
cpu MHz		: 2400.000
cache size	: 6144 KB
physical id	: 0
siblings	: 8
core id		: 0
cpu cores	: 4
apicid		: 0
initial apicid	: 0
fpu		: yes
fpu_exception	: yes
cpuid level	: 13
wp		: yes
flags		: fpu vme de pse tsc msr pae mce cx8 apic sep mtrr pge mca cmov pat pse36 clflush dts acpi mmx fxsr sse sse2 ss ht tm pbe syscall nx pdpe1gb rdtscp lm constant_tsc arch_perfmon pebs bts rep_good nopl xtopology nonstop_tsc aperfmperf eagerfpu pni pclmulqdq dtes64 monitor ds_cpl vmx est tm2 ssse3 fma cx16 xtpr pdcm pcid sse4_1 sse4_2 movbe popcnt tsc_deadline_timer aes xsave avx f16c rdrand lahf_lm abm ida arat epb pln pts dtherm tpr_shadow vnmi flexpriority ept vpid fsgsbase tsc_adjust bmi1 avx2 smep bmi2 erms invpcid xsaveopt
bugs		:
bogomips	: 4791.93
clflush size	: 64
cache_alignment	: 64
address sizes	: 39 bits physical, 48 bits virtual
power management:

processor	: 1
vendor_id	: GenuineIntel
cpu family	: 6
model		: 60
model name	: Intel(R) Core(TM) i7-4700MQ CPU @ 2.40GHz
stepping	: 3
microcode	: 0x12
cpu MHz		: 2393.437
cache size	: 6144 KB
physical id	: 0
siblings	: 8
core id		: 0
cpu cores	: 4
apicid		: 1
initial apicid	: 1
fpu		: yes
fpu_exception	: yes
cpuid level	: 13
wp		: yes
flags		: fpu vme de pse tsc msr pae mce cx8 apic sep mtrr pge mca cmov pat pse36 clflush dts acpi mmx fxsr sse sse2 ss ht tm pbe syscall nx pdpe1gb rdtscp lm constant_tsc arch_perfmon pebs bts rep_good nopl xtopology nonstop_tsc aperfmperf eagerfpu pni pclmulqdq dtes64 monitor ds_cpl vmx est tm2 ssse3 fma cx16 xtpr pdcm pcid sse4_1 sse4_2 movbe popcnt tsc_deadline_timer aes xsave avx f16c rdrand lahf_lm abm ida arat epb pln pts dtherm tpr_shadow vnmi flexpriority ept vpid fsgsbase tsc_adjust bmi1 avx2 smep bmi2 erms invpcid xsaveopt
bugs		:
bogomips	: 4791.93
clflush size	: 64
cache_alignment	: 64
address sizes	: 39 bits physical, 48 bits virtual
power management:

processor	: 2
vendor_id	: GenuineIntel
cpu family	: 6
model		: 60
model name	: Intel(R) Core(TM) i7-4700MQ CPU @ 2.40GHz
stepping	: 3
microcode	: 0x12
cpu MHz		: 2409.562
cache size	: 6144 KB
physical id	: 0
siblings	: 8
core id		: 1
cpu cores	: 4
apicid		: 2
initial apicid	: 2
fpu		: yes
fpu_exception	: yes
cpuid level	: 13
wp		: yes
flags		: fpu vme de pse tsc msr pae mce cx8 apic sep mtrr pge mca cmov pat pse36 clflush dts acpi mmx fxsr sse sse2 ss ht tm pbe syscall nx pdpe1gb rdtscp lm constant_tsc arch_perfmon pebs bts rep_good nopl xtopology nonstop_tsc aperfmperf eagerfpu pni pclmulqdq dtes64 monitor ds_cpl vmx est tm2 ssse3 fma cx16 xtpr pdcm pcid sse4_1 sse4_2 movbe popcnt tsc_deadline_timer aes xsave avx f16c rdrand lahf_lm abm ida arat epb pln pts dtherm tpr_shadow vnmi flexpriority ept vpid fsgsbase tsc_adjust bmi1 avx2 smep bmi2 erms invpcid xsaveopt
bugs		:
bogomips	: 4791.93
clflush size	: 64
cache_alignment	: 64
address sizes	: 39 bits physical, 48 bits virtual
power management:

processor	: 3
vendor_id	: GenuineIntel
cpu family	: 6
model		: 60
model name	: Intel(R) Core(TM) i7-4700MQ CPU @ 2.40GHz
stepping	: 3
microcode	: 0x12
cpu MHz		: 2511.750
cache size	: 6144 KB
physical id	: 0
siblings	: 8
core id		: 1
cpu cores	: 4
apicid		: 3
initial apicid	: 3
fpu		: yes
fpu_exception	: yes
cpuid level	: 13
wp		: yes
flags		: fpu vme de pse tsc msr pae mce cx8 apic sep mtrr pge mca cmov pat pse36 clflush dts acpi mmx fxsr sse sse2 ss ht tm pbe syscall nx pdpe1gb rdtscp lm constant_tsc arch_perfmon pebs bts rep_good nopl xtopology nonstop_tsc aperfmperf eagerfpu pni pclmulqdq dtes64 monitor ds_cpl vmx est tm2 ssse3 fma cx16 xtpr pdcm pcid sse4_1 sse4_2 movbe popcnt tsc_deadline_timer aes xsave avx f16c rdrand lahf_lm abm ida arat epb pln pts dtherm tpr_shadow vnmi flexpriority ept vpid fsgsbase tsc_adjust bmi1 avx2 smep bmi2 erms invpcid xsaveopt
bugs		:
bogomips	: 4791.93
clflush size	: 64
cache_alignment	: 64
address sizes	: 39 bits physical, 48 bits virtual
power management:

processor	: 4
vendor_id	: GenuineIntel
cpu family	: 6
model		: 60
model name	: Intel(R) Core(TM) i7-4700MQ CPU @ 2.40GHz
stepping	: 3
microcode	: 0x12
cpu MHz		: 2465.343
cache size	: 6144 KB
physical id	: 0
siblings	: 8
core id		: 2
cpu cores	: 4
apicid		: 4
initial apicid	: 4
fpu		: yes
fpu_exception	: yes
cpuid level	: 13
wp		: yes
flags		: fpu vme de pse tsc msr pae mce cx8 apic sep mtrr pge mca cmov pat pse36 clflush dts acpi mmx fxsr sse sse2 ss ht tm pbe syscall nx pdpe1gb rdtscp lm constant_tsc arch_perfmon pebs bts rep_good nopl xtopology nonstop_tsc aperfmperf eagerfpu pni pclmulqdq dtes64 monitor ds_cpl vmx est tm2 ssse3 fma cx16 xtpr pdcm pcid sse4_1 sse4_2 movbe popcnt tsc_deadline_timer aes xsave avx f16c rdrand lahf_lm abm ida arat epb pln pts dtherm tpr_shadow vnmi flexpriority ept vpid fsgsbase tsc_adjust bmi1 avx2 smep bmi2 erms invpcid xsaveopt
bugs		:
bogomips	: 4791.93
clflush size	: 64
cache_alignment	: 64
address sizes	: 39 bits physical, 48 bits virtual
power management:

processor	: 5
vendor_id	: GenuineIntel
cpu family	: 6
model		: 60
model name	: Intel(R) Core(TM) i7-4700MQ CPU @ 2.40GHz
stepping	: 3
microcode	: 0x12
cpu MHz		: 2400.187
cache size	: 6144 KB
physical id	: 0
siblings	: 8
core id		: 2
cpu cores	: 4
apicid		: 5
initial apicid	: 5
fpu		: yes
fpu_exception	: yes
cpuid level	: 13
wp		: yes
flags		: fpu vme de pse tsc msr pae mce cx8 apic sep mtrr pge mca cmov pat pse36 clflush dts acpi mmx fxsr sse sse2 ss ht tm pbe syscall nx pdpe1gb rdtscp lm constant_tsc arch_perfmon pebs bts rep_good nopl xtopology nonstop_tsc aperfmperf eagerfpu pni pclmulqdq dtes64 monitor ds_cpl vmx est tm2 ssse3 fma cx16 xtpr pdcm pcid sse4_1 sse4_2 movbe popcnt tsc_deadline_timer aes xsave avx f16c rdrand lahf_lm abm ida arat epb pln pts dtherm tpr_shadow vnmi flexpriority ept vpid fsgsbase tsc_adjust bmi1 avx2 smep bmi2 erms invpcid xsaveopt
bugs		:
bogomips	: 4791.93
clflush size	: 64
cache_alignment	: 64
address sizes	: 39 bits physical, 48 bits virtual
power management:

processor	: 6
vendor_id	: GenuineIntel
cpu family	: 6
model		: 60
model name	: Intel(R) Core(TM) i7-4700MQ CPU @ 2.40GHz
stepping	: 3
microcode	: 0x12
cpu MHz		: 2444.906
cache size	: 6144 KB
physical id	: 0
siblings	: 8
core id		: 3
cpu cores	: 4
apicid		: 6
initial apicid	: 6
fpu		: yes
fpu_exception	: yes
cpuid level	: 13
wp		: yes
flags		: fpu vme de pse tsc msr pae mce cx8 apic sep mtrr pge mca cmov pat pse36 clflush dts acpi mmx fxsr sse sse2 ss ht tm pbe syscall nx pdpe1gb rdtscp lm constant_tsc arch_perfmon pebs bts rep_good nopl xtopology nonstop_tsc aperfmperf eagerfpu pni pclmulqdq dtes64 monitor ds_cpl vmx est tm2 ssse3 fma cx16 xtpr pdcm pcid sse4_1 sse4_2 movbe popcnt tsc_deadline_timer aes xsave avx f16c rdrand lahf_lm abm ida arat epb pln pts dtherm tpr_shadow vnmi flexpriority ept vpid fsgsbase tsc_adjust bmi1 avx2 smep bmi2 erms invpcid xsaveopt
bugs		:
bogomips	: 4791.93
clflush size	: 64
cache_alignment	: 64
address sizes	: 39 bits physical, 48 bits virtual
power management:

processor	: 7
vendor_id	: GenuineIntel
cpu family	: 6
model		: 60
model name	: Intel(R) Core(TM) i7-4700MQ CPU @ 2.40GHz
stepping	: 3
microcode	: 0x12
cpu MHz		: 2436.375
cache size	: 6144 KB
physical id	: 0
siblings	: 8
core id		: 3
cpu cores	: 4
apicid		: 7
initial apicid	: 7
fpu		: yes
fpu_exception	: yes
cpuid level	: 13
wp		: yes
flags		: fpu vme de pse tsc msr pae mce cx8 apic sep mtrr pge mca cmov pat pse36 clflush dts acpi mmx fxsr sse sse2 ss ht tm pbe syscall nx pdpe1gb rdtscp lm constant_tsc arch_perfmon pebs bts rep_good nopl xtopology nonstop_tsc aperfmperf eagerfpu pni pclmulqdq dtes64 monitor ds_cpl vmx est tm2 ssse3 fma cx16 xtpr pdcm pcid sse4_1 sse4_2 movbe popcnt tsc_deadline_timer aes xsave avx f16c rdrand lahf_lm abm ida arat epb pln pts dtherm tpr_shadow vnmi flexpriority ept vpid fsgsbase tsc_adjust bmi1 avx2 smep bmi2 erms invpcid xsaveopt
bugs		:
bogomips	: 4791.93
clflush size	: 64
cache_alignment	: 64
address sizes	: 39 bits physical, 48 bits virtual
power management:



Memory: 4k page, physical 8129788k(58328k free), swap 0k(0k free)

vm_info: OpenJDK 64-Bit Server VM (25.60-b23) for linux-amd64 JRE (1.8.0_60-b24), built on Aug 23 2015 18:39:15 by "builduser" with gcc 5.2.0

time: Fri Oct 30 03:18:54 2015
elapsed time: 0 seconds (0d 0h 0m 0s)

